Using pre-set license
Built from '2020.2/staging' branch; Version is '2020.2.6f1 (8a2143876886) revision 9052483'; Using compiler version '192528614'; Build Type 'Release'
OS: 'Windows 10 Home; OS build 19041.985; Version 2004; 64bit' Language: 'en' Physical Memory: 16301 MB
BatchMode: 1, IsHumanControllingUs: 0, StartBugReporterOnCrash: 0, Is64bit: 1, IsPro: 0

 COMMAND LINE ARGUMENTS:
C:\Program Files\Unity\Hub\Editor\2020.2.6f1\Editor\Unity.exe
-adb2
-batchMode
-noUpm
-name
AssetImportWorker0
-projectPath
C:/Users/marcu/OneDrive/Desktop/Jump Gate PC
-logFile
Logs/AssetImportWorker0.log
-srvPort
59898
Successfully changed project path to: C:/Users/marcu/OneDrive/Desktop/Jump Gate PC
C:/Users/marcu/OneDrive/Desktop/Jump Gate PC
Using Asset Import Pipeline V2.
Refreshing native plugins compatible for Editor in 23.37 ms, found 0 plugins.
Preloading 0 native plugins for Editor in 0.00 ms.
Initialize engine version: 2020.2.6f1 (8a2143876886)
[Subsystems] Discovering subsystems at path C:/Program Files/Unity/Hub/Editor/2020.2.6f1/Editor/Data/Resources/UnitySubsystems
[Subsystems] Discovering subsystems at path C:/Users/marcu/OneDrive/Desktop/Jump Gate PC/Assets
GfxDevice: creating device client; threaded=0
Direct3D:
    Version:  Direct3D 11.0 [level 11.1]
    Renderer: NVIDIA GeForce GTX 1050 Ti (ID=0x1c82)
    Vendor:   
    VRAM:     4018 MB
    Driver:   27.21.14.5671
Initialize mono
Mono path[0] = 'C:/Program Files/Unity/Hub/Editor/2020.2.6f1/Editor/Data/Managed'
Mono path[1] = 'C:/Program Files/Unity/Hub/Editor/2020.2.6f1/Editor/Data/MonoBleedingEdge/lib/mono/unityjit'
Mono config path = 'C:/Program Files/Unity/Hub/Editor/2020.2.6f1/Editor/Data/MonoBleedingEdge/etc'
Using monoOptions --debugger-agent=transport=dt_socket,embedding=1,server=y,suspend=n,address=127.0.0.1:56528
Begin MonoManager ReloadAssembly
Registering precompiled unity dll's ...
Register platform support module: C:/Program Files/Unity/Hub/Editor/2020.2.6f1/Editor/Data/PlaybackEngines/WebGLSupport/UnityEditor.WebGL.Extensions.dll
Register platform support module: C:/Program Files/Unity/Hub/Editor/2020.2.6f1/Editor/Data/PlaybackEngines/MacStandaloneSupport/UnityEditor.OSXStandalone.Extensions.dll
Register platform support module: C:/Program Files/Unity/Hub/Editor/2020.2.6f1/Editor/Data/PlaybackEngines/WindowsStandaloneSupport/UnityEditor.WindowsStandalone.Extensions.dll
Register platform support module: C:/Program Files/Unity/Hub/Editor/2020.2.6f1/Editor/Data/PlaybackEngines/LuminSupport/UnityEditor.Lumin.Extensions.dll
Registered in 0.003960 seconds.
Native extension for Lumin target not found
Native extension for WindowsStandalone target not found
Native extension for OSXStandalone target not found
Native extension for WebGL target not found
Refreshing native plugins compatible for Editor in 19.79 ms, found 0 plugins.
Preloading 0 native plugins for Editor in 0.00 ms.
Invoked RoslynAnalysisRunner static constructor.
RoslynAnalysisRunner will not be running.
RoslynAnalysisRunner has terminated.
Mono: successfully reloaded assembly
- Completed reload, in  1.443 seconds
Platform modules already initialized, skipping
Registering precompiled user dll's ...
Registered in 0.000780 seconds.
Begin MonoManager ReloadAssembly
Native extension for Lumin target not found
Native extension for WindowsStandalone target not found
Native extension for OSXStandalone target not found
Native extension for WebGL target not found
Refreshing native plugins compatible for Editor in 0.19 ms, found 0 plugins.
Preloading 0 native plugins for Editor in 0.00 ms.
Invoked RoslynAnalysisRunner static constructor.
RoslynAnalysisRunner will not be running.
RoslynAnalysisRunner has terminated.
Mono: successfully reloaded assembly
- Completed reload, in  0.774 seconds
Platform modules already initialized, skipping
========================================================================
Worker process is ready to serve import requests
Launched and connected shader compiler UnityShaderCompiler.exe after 0.04 seconds
Refreshing native plugins compatible for Editor in 0.19 ms, found 0 plugins.
Preloading 0 native plugins for Editor in 0.00 ms.
Unloading 1116 Unused Serialized files (Serialized files now loaded: 0)
System memory in use before: 57.3 MB.
System memory in use after: 57.4 MB.

Unloading 10 unused Assets to reduce memory usage. Loaded Objects now: 1558.
Total: 1.422600 ms (FindLiveObjects: 0.133100 ms CreateObjectMapping: 0.036200 ms MarkObjects: 1.175800 ms  DeleteObjects: 0.076500 ms)

========================================================================
Received Import Request.
  path: Assets/_Scenes
  artifactKey: Guid(6698ab9695a1d4740ab8b3a65dfcd397) Importer(815301076,1909f56bfc062723c751e8b465ee728b)
Start importing Assets/_Scenes using Guid(6698ab9695a1d4740ab8b3a65dfcd397) Importer(815301076,1909f56bfc062723c751e8b465ee728b)  -> (artifact id: '0020402fe8fd58a410fe5680eb3c8411') in 0.004750 seconds
  Import took 0.006292 seconds .

========================================================================
Received Import Request.
  Time since last request: 0.000454 seconds.
  path: Assets/_Scenes/ReflectionProbe-0.exr
  artifactKey: Guid(74a25151528f30a4790c97cdb17c2c6f) Importer(815301076,1909f56bfc062723c751e8b465ee728b)
Start importing Assets/_Scenes/ReflectionProbe-0.exr using Guid(74a25151528f30a4790c97cdb17c2c6f) Importer(815301076,1909f56bfc062723c751e8b465ee728b)  -> (artifact id: 'be50d58e9830408cf3002d576f3b2503') in 0.243273 seconds
  Import took 0.244755 seconds .

========================================================================
Received Import Request.
  Time since last request: 0.000411 seconds.
  path: Assets/_Scenes/LightingData.asset
  artifactKey: Guid(d43513d1d15f4ad459eda7a38e04f35b) Importer(815301076,1909f56bfc062723c751e8b465ee728b)
Start importing Assets/_Scenes/LightingData.asset using Guid(d43513d1d15f4ad459eda7a38e04f35b) Importer(815301076,1909f56bfc062723c751e8b465ee728b)  -> (artifact id: '336866708e424f320711fbbc4caf1a18') in 0.007715 seconds
  Import took 0.009285 seconds .

========================================================================
Received Import Request.
  Time since last request: 11.453227 seconds.
  path: Assets/_Scenes/Menu.unity
  artifactKey: Guid(0589c8320b7a6f344aec85072505cf5a) Importer(815301076,1909f56bfc062723c751e8b465ee728b)
Start importing Assets/_Scenes/Menu.unity using Guid(0589c8320b7a6f344aec85072505cf5a) Importer(815301076,1909f56bfc062723c751e8b465ee728b)  -> (artifact id: '6ae22d91e9eab976036b38a0b5a356e3') in 0.005052 seconds
  Import took 0.007766 seconds .

========================================================================
Received Import Request.
  Time since last request: 119.918957 seconds.
  path: Assets/Prefabs
  artifactKey: Guid(8790e0c1d1728b141b453271de2bee43) Importer(815301076,1909f56bfc062723c751e8b465ee728b)
Start importing Assets/Prefabs using Guid(8790e0c1d1728b141b453271de2bee43) Importer(815301076,1909f56bfc062723c751e8b465ee728b)  -> (artifact id: '47c5e07f331541c6117959bc6de938a2') in 0.004310 seconds
  Import took 0.007135 seconds .

========================================================================
Received Import Request.
  Time since last request: 3.307344 seconds.
  path: Assets/Prefabs/Objects
  artifactKey: Guid(421350d495c278a41b7adc6c5985f6f6) Importer(815301076,1909f56bfc062723c751e8b465ee728b)
Start importing Assets/Prefabs/Objects using Guid(421350d495c278a41b7adc6c5985f6f6) Importer(815301076,1909f56bfc062723c751e8b465ee728b)  -> (artifact id: '995406f80f1a08e234249d73eb68f4d6') in 0.003597 seconds
  Import took 0.006067 seconds .

========================================================================
Received Import Request.
  Time since last request: 0.069099 seconds.
  path: Assets/Prefabs/Objects/Bolt.prefab
  artifactKey: Guid(3eea9153788c1064aac98ff665df432b) Importer(815301076,1909f56bfc062723c751e8b465ee728b)
Start importing Assets/Prefabs/Objects/Bolt.prefab using Guid(3eea9153788c1064aac98ff665df432b) Importer(815301076,1909f56bfc062723c751e8b465ee728b)  -> (artifact id: '48226dbae474edf19b19e2568319834e') in 0.020309 seconds
  Import took 0.022074 seconds .

========================================================================
Received Import Request.
  Time since last request: 0.000402 seconds.
  path: Assets/Prefabs/Objects/Player Bolt.prefab
  artifactKey: Guid(75879ffbba467d8408e4cc2f81871134) Importer(815301076,1909f56bfc062723c751e8b465ee728b)
Start importing Assets/Prefabs/Objects/Player Bolt.prefab using Guid(75879ffbba467d8408e4cc2f81871134) Importer(815301076,1909f56bfc062723c751e8b465ee728b)  -> (artifact id: 'c6ca9e010643d9ef851db33350fb7b2a') in 0.026965 seconds
  Import took 0.028625 seconds .

========================================================================
Received Import Request.
  Time since last request: 1.740845 seconds.
  path: Assets/Prefabs/Objects/Level1
  artifactKey: Guid(22fe37b73798f594c86ce666b590f44a) Importer(815301076,1909f56bfc062723c751e8b465ee728b)
Start importing Assets/Prefabs/Objects/Level1 using Guid(22fe37b73798f594c86ce666b590f44a) Importer(815301076,1909f56bfc062723c751e8b465ee728b)  -> (artifact id: '4619550db481007f3bed2cc3752f72a0') in 0.003815 seconds
  Import took 0.006159 seconds .

========================================================================
Received Import Request.
  Time since last request: 0.107565 seconds.
  path: Assets/Prefabs/Objects/Level1/Asteroid1.prefab
  artifactKey: Guid(37c2b68624e29654fbd3ac93dc31fcf0) Importer(815301076,1909f56bfc062723c751e8b465ee728b)
Start importing Assets/Prefabs/Objects/Level1/Asteroid1.prefab using Guid(37c2b68624e29654fbd3ac93dc31fcf0) Importer(815301076,1909f56bfc062723c751e8b465ee728b)  -> (artifact id: '04a1970b193b046a540be04fe54149f2') in 0.219755 seconds
  Import took 0.222427 seconds .

========================================================================
Received Import Request.
  Time since last request: 0.000404 seconds.
  path: Assets/Prefabs/Objects/Level1/Emeny Ship.prefab
  artifactKey: Guid(6c2c6baad6c85c940bb8844418fc15ef) Importer(815301076,1909f56bfc062723c751e8b465ee728b)
Start importing Assets/Prefabs/Objects/Level1/Emeny Ship.prefab using Guid(6c2c6baad6c85c940bb8844418fc15ef) Importer(815301076,1909f56bfc062723c751e8b465ee728b)  -> (artifact id: '2c3a4d7bf21afdb6c56a645c78681519') in 0.358046 seconds
  Import took 0.360791 seconds .

========================================================================
Received Import Request.
  Time since last request: 0.000331 seconds.
  path: Assets/Prefabs/Objects/Level1/EnemyBolt.prefab
  artifactKey: Guid(5cec02c13cf451d48950179b7418497b) Importer(815301076,1909f56bfc062723c751e8b465ee728b)
Start importing Assets/Prefabs/Objects/Level1/EnemyBolt.prefab using Guid(5cec02c13cf451d48950179b7418497b) Importer(815301076,1909f56bfc062723c751e8b465ee728b)  -> (artifact id: 'd6bc3ff166dc9c69d648c1e97df3a241') in 0.011613 seconds
  Import took 0.014156 seconds .

========================================================================
Received Import Request.
  Time since last request: 0.000430 seconds.
  path: Assets/Prefabs/Objects/Level1/Asteroid2.prefab
  artifactKey: Guid(77c22eb4010987c40ae476ff0ea986f8) Importer(815301076,1909f56bfc062723c751e8b465ee728b)
Start importing Assets/Prefabs/Objects/Level1/Asteroid2.prefab using Guid(77c22eb4010987c40ae476ff0ea986f8) Importer(815301076,1909f56bfc062723c751e8b465ee728b)  -> (artifact id: 'c2959c5f743da28c76a1d1bc7ccb1fb0') in 0.015739 seconds
  Import took 0.018406 seconds .

========================================================================
Received Import Request.
  Time since last request: 0.000359 seconds.
  path: Assets/Prefabs/Objects/Level1/Asteroid3.prefab
  artifactKey: Guid(f105572511c0d794a83345c97994cf58) Importer(815301076,1909f56bfc062723c751e8b465ee728b)
Start importing Assets/Prefabs/Objects/Level1/Asteroid3.prefab using Guid(f105572511c0d794a83345c97994cf58) Importer(815301076,1909f56bfc062723c751e8b465ee728b)  -> (artifact id: 'd4f82e2baef1fc7dd9da35c8af534dcd') in 0.112068 seconds
  Import took 0.116184 seconds .

========================================================================
Received Prepare
Registering precompiled user dll's ...
Registered in 0.000865 seconds.
Begin MonoManager ReloadAssembly
Native extension for Lumin target not found
Native extension for WindowsStandalone target not found
Native extension for OSXStandalone target not found
Native extension for WebGL target not found
Refreshing native plugins compatible for Editor in 0.32 ms, found 0 plugins.
Preloading 0 native plugins for Editor in 0.00 ms.
Invoked RoslynAnalysisRunner static constructor.
RoslynAnalysisRunner will not be running.
RoslynAnalysisRunner has terminated.
Mono: successfully reloaded assembly
- Completed reload, in  0.805 seconds
Platform modules already initialized, skipping
Refreshing native plugins compatible for Editor in 0.18 ms, found 0 plugins.
Preloading 0 native plugins for Editor in 0.00 ms.
Unloading 1111 Unused Serialized files (Serialized files now loaded: 0)
System memory in use before: 60.8 MB.
System memory in use after: 60.9 MB.

Unloading 5 unused Assets to reduce memory usage. Loaded Objects now: 1597.
Total: 1.554100 ms (FindLiveObjects: 0.187400 ms CreateObjectMapping: 0.048000 ms MarkObjects: 1.277500 ms  DeleteObjects: 0.040400 ms)

========================================================================
Received Import Request.
  Time since last request: 18.561286 seconds.
  path: Assets/Prefabs/Objects/Level1/EnemyBolt.prefab
  artifactKey: Guid(5cec02c13cf451d48950179b7418497b) Importer(815301076,1909f56bfc062723c751e8b465ee728b)
Start importing Assets/Prefabs/Objects/Level1/EnemyBolt.prefab using Guid(5cec02c13cf451d48950179b7418497b) Importer(815301076,1909f56bfc062723c751e8b465ee728b)  -> (artifact id: '43470548377df5f5cff1cc13daa77618') in 0.046186 seconds
  Import took 0.047914 seconds .

========================================================================
Received Import Request.
  Time since last request: 7.138645 seconds.
  path: Assets/Prefabs/VFX/Explosion/explosion_asteroid.prefab
  artifactKey: Guid(36813705f3defbc4a96e452963ec21d6) Importer(815301076,1909f56bfc062723c751e8b465ee728b)
Start importing Assets/Prefabs/VFX/Explosion/explosion_asteroid.prefab using Guid(36813705f3defbc4a96e452963ec21d6) Importer(815301076,1909f56bfc062723c751e8b465ee728b)  -> (artifact id: '59eb8d4a939b4cea3397c654fd2dc8ad') in 0.007391 seconds
  Import took 0.009274 seconds .

========================================================================
Received Import Request.
  Time since last request: 0.000392 seconds.
  path: Assets/Prefabs/VFX/Explosion/explosion_Mine.prefab
  artifactKey: Guid(c78a977fbbaaf6341ac8f9530894891d) Importer(815301076,1909f56bfc062723c751e8b465ee728b)
Start importing Assets/Prefabs/VFX/Explosion/explosion_Mine.prefab using Guid(c78a977fbbaaf6341ac8f9530894891d) Importer(815301076,1909f56bfc062723c751e8b465ee728b)  -> (artifact id: '40d61ad8653f268e1f8455d838a00cf1') in 0.005052 seconds
  Import took 0.006907 seconds .

========================================================================
Received Import Request.
  Time since last request: 0.000403 seconds.
  path: Assets/Prefabs/VFX/Explosion/explosion_enemy.prefab
  artifactKey: Guid(f1c9271386ac28b469a3d990b9db3447) Importer(815301076,1909f56bfc062723c751e8b465ee728b)
Start importing Assets/Prefabs/VFX/Explosion/explosion_enemy.prefab using Guid(f1c9271386ac28b469a3d990b9db3447) Importer(815301076,1909f56bfc062723c751e8b465ee728b)  -> (artifact id: '0655ea4444748802f5329a0bb186eb5e') in 0.005262 seconds
  Import took 0.007183 seconds .

========================================================================
Received Import Request.
  Time since last request: 0.000388 seconds.
  path: Assets/Prefabs/VFX/Explosion/explosion_player.prefab
  artifactKey: Guid(8d8c73c1e15c0d2408d715f53509767f) Importer(815301076,1909f56bfc062723c751e8b465ee728b)
Start importing Assets/Prefabs/VFX/Explosion/explosion_player.prefab using Guid(8d8c73c1e15c0d2408d715f53509767f) Importer(815301076,1909f56bfc062723c751e8b465ee728b)  -> (artifact id: '3cafdf2382fbf12889ff015c177d7a6c') in 0.005589 seconds
  Import took 0.007594 seconds .

========================================================================
Received Import Request.
  Time since last request: 3.877357 seconds.
  path: Assets/Prefabs/Objects/Level1/EnemyBolt.prefab
  artifactKey: Guid(5cec02c13cf451d48950179b7418497b) Importer(815301076,1909f56bfc062723c751e8b465ee728b)
Start importing Assets/Prefabs/Objects/Level1/EnemyBolt.prefab using Guid(5cec02c13cf451d48950179b7418497b) Importer(815301076,1909f56bfc062723c751e8b465ee728b)  -> (artifact id: '313831406da30320bb739a2d4e4e4450') in 0.009390 seconds
  Import took 0.011825 seconds .

========================================================================
Received Import Request.
  Time since last request: 5.966003 seconds.
  path: Assets/Prefabs/Objects/Level1/EnemyBolt.prefab
  artifactKey: Guid(5cec02c13cf451d48950179b7418497b) Importer(815301076,1909f56bfc062723c751e8b465ee728b)
Start importing Assets/Prefabs/Objects/Level1/EnemyBolt.prefab using Guid(5cec02c13cf451d48950179b7418497b) Importer(815301076,1909f56bfc062723c751e8b465ee728b)  -> (artifact id: '7e6ad77d5d1226a8588e796a2c4251cf') in 0.012574 seconds
  Import took 0.014930 seconds .

========================================================================
Received Prepare
Registering precompiled user dll's ...
Registered in 0.001141 seconds.
Begin MonoManager ReloadAssembly
Native extension for Lumin target not found
Native extension for WindowsStandalone target not found
Native extension for OSXStandalone target not found
Native extension for WebGL target not found
Refreshing native plugins compatible for Editor in 0.19 ms, found 0 plugins.
Preloading 0 native plugins for Editor in 0.00 ms.
Invoked RoslynAnalysisRunner static constructor.
RoslynAnalysisRunner will not be running.
RoslynAnalysisRunner has terminated.
Mono: successfully reloaded assembly
- Completed reload, in  0.658 seconds
Platform modules already initialized, skipping
Refreshing native plugins compatible for Editor in 0.18 ms, found 0 plugins.
Preloading 0 native plugins for Editor in 0.00 ms.
Unloading 1111 Unused Serialized files (Serialized files now loaded: 0)
System memory in use before: 60.9 MB.
System memory in use after: 61.0 MB.

Unloading 5 unused Assets to reduce memory usage. Loaded Objects now: 1600.
Total: 1.489300 ms (FindLiveObjects: 0.128000 ms CreateObjectMapping: 0.032200 ms MarkObjects: 1.286600 ms  DeleteObjects: 0.041300 ms)

AssetImportWorkerClient::OnTransportError - code=2 error=End of file
